<?xml version="1.0" encoding="UTF-8"?>
<!-- Generated by org.testng.reporters.JUnitReportReporter -->
<testsuite hostname="compy-386" name="org.gdejohn.similitude.NewTest" tests="38" failures="0" timestamp="28 Feb 2012 04:43:46 GMT" time="0.129" errors="1">
  <testcase name="testCovariantArrays" time="0.001" classname="org.gdejohn.similitude.NewTest"/>
  <testcase name="testVarargsInterface" time="0.003" classname="org.gdejohn.similitude.NewTest"/>
  <testcase name="testShortWrapper" time="0.001" classname="org.gdejohn.similitude.NewTest"/>
  <testcase name="testPrimitiveArray" time="0.001" classname="org.gdejohn.similitude.NewTest"/>
  <testcase name="testArrayContainingItself" time="0.003" classname="org.gdejohn.similitude.NewTest"/>
  <testcase name="testNull" time="0.001" classname="org.gdejohn.similitude.NewTest"/>
  <testcase name="testImmutable" time="0.002" classname="org.gdejohn.similitude.NewTest"/>
  <testcase name="testParameterizedReturnType" time="0.029" classname="org.gdejohn.similitude.NewTest">
    <error type="java.lang.AssertionError" message="Failed.">
      <![CDATA[java.lang.AssertionError: Failed.
	at org.testng.Assert.fail(Assert.java:78)
	at org.gdejohn.similitude.NewTest.testParameterizedReturnType(NewTest.java:819)
	at sun.reflect.NativeMethodAccessorImpl.invoke0(Native Method)
	at sun.reflect.NativeMethodAccessorImpl.invoke(Unknown Source)
	at sun.reflect.DelegatingMethodAccessorImpl.invoke(Unknown Source)
	at java.lang.reflect.Method.invoke(Unknown Source)
	at org.testng.internal.MethodInvocationHelper.invokeMethod(MethodInvocationHelper.java:80)
	at org.testng.internal.Invoker.invokeMethod(Invoker.java:701)
	at org.testng.internal.Invoker.invokeTestMethod(Invoker.java:893)
	at org.testng.internal.Invoker.invokeTestMethods(Invoker.java:1218)
	at org.testng.internal.TestMethodWorker.invokeTestMethods(TestMethodWorker.java:127)
	at org.testng.internal.TestMethodWorker.run(TestMethodWorker.java:111)
	at org.testng.TestRunner.privateRun(TestRunner.java:768)
	at org.testng.TestRunner.run(TestRunner.java:617)
	at org.testng.SuiteRunner.runTest(SuiteRunner.java:334)
	at org.testng.SuiteRunner.runSequentially(SuiteRunner.java:329)
	at org.testng.SuiteRunner.privateRun(SuiteRunner.java:291)
	at org.testng.SuiteRunner.run(SuiteRunner.java:240)
	at org.testng.SuiteRunnerWorker.runSuite(SuiteRunnerWorker.java:53)
	at org.testng.SuiteRunnerWorker.run(SuiteRunnerWorker.java:87)
	at org.testng.TestNG.runSuitesSequentially(TestNG.java:1185)
	at org.testng.TestNG.runSuitesLocally(TestNG.java:1110)
	at org.testng.TestNG.run(TestNG.java:1022)
	at org.testng.remote.RemoteTestNG.run(RemoteTestNG.java:109)
	at org.testng.remote.RemoteTestNG.initAndRun(RemoteTestNG.java:202)
	at org.testng.remote.RemoteTestNG.main(RemoteTestNG.java:173)
Caused by: org.gdejohn.similitude.InstantiationFailedException: No working constructor was found for class Test4.
	at org.gdejohn.similitude.Builder.instantiate(Builder.java:502)
	at org.gdejohn.similitude.Builder.instantiate(Builder.java:530)
	at org.gdejohn.similitude.NewTest.testParameterizedReturnType(NewTest.java:815)
	... 24 more
]]>
    </error>
  </testcase> <!-- testParameterizedReturnType -->
  <testcase name="testInheritedField" time="0.002" classname="org.gdejohn.similitude.NewTest"/>
  <testcase name="testNestedTypeParameters" time="0.001" classname="org.gdejohn.similitude.NewTest"/>
  <testcase name="testMultidimensionalArray" time="0.002" classname="org.gdejohn.similitude.NewTest"/>
  <testcase name="testByte" time="0.001" classname="org.gdejohn.similitude.NewTest"/>
  <testcase name="testDoubleWrapper" time="0.001" classname="org.gdejohn.similitude.NewTest"/>
  <testcase name="testInterface" time="0.005" classname="org.gdejohn.similitude.NewTest"/>
  <testcase name="testAddDefaultSubclass" time="0.033" classname="org.gdejohn.similitude.NewTest"/>
  <testcase name="testFloat" time="0.001" classname="org.gdejohn.similitude.NewTest"/>
  <testcase name="testFailToInstantiateConstructorArg" time="0.005" classname="org.gdejohn.similitude.NewTest"/>
  <testcase name="testLong" time="0.001" classname="org.gdejohn.similitude.NewTest"/>
  <testcase name="testEnum" time="0.001" classname="org.gdejohn.similitude.NewTest"/>
  <testcase name="testStringBuilder" time="0.002" classname="org.gdejohn.similitude.NewTest"/>
  <testcase name="testString" time="0.001" classname="org.gdejohn.similitude.NewTest"/>
  <testcase name="testGenericInterface" time="0.008" classname="org.gdejohn.similitude.NewTest"/>
  <testcase name="testListOfStrings" time="0.002" classname="org.gdejohn.similitude.NewTest"/>
  <testcase name="testCharWrapper" time="0.001" classname="org.gdejohn.similitude.NewTest"/>
  <testcase name="testIntWrapper" time="0.002" classname="org.gdejohn.similitude.NewTest"/>
  <testcase name="testShort" time="0.002" classname="org.gdejohn.similitude.NewTest"/>
  <testcase name="testParameterizedByTypeVariable" time="0.002" classname="org.gdejohn.similitude.NewTest"/>
  <testcase name="testEverything" time="0.002" classname="org.gdejohn.similitude.NewTest"/>
  <testcase name="testLongWrapper" time="0.001" classname="org.gdejohn.similitude.NewTest"/>
  <testcase name="testDouble" time="0.002" classname="org.gdejohn.similitude.NewTest"/>
  <testcase name="testInnerClass" time="0.002" classname="org.gdejohn.similitude.NewTest"/>
  <testcase name="testNullaryConstructor" time="0.001" classname="org.gdejohn.similitude.NewTest"/>
  <testcase name="testFloatWrapper" time="0.001" classname="org.gdejohn.similitude.NewTest"/>
  <testcase name="testBooleanWrapper" time="0.001" classname="org.gdejohn.similitude.NewTest"/>
  <testcase name="testChar" time="0.001" classname="org.gdejohn.similitude.NewTest"/>
  <testcase name="testInt" time="0.002" classname="org.gdejohn.similitude.NewTest"/>
  <testcase name="testBoolean" time="0.001" classname="org.gdejohn.similitude.NewTest"/>
  <testcase name="testByteWrapper" time="0.001" classname="org.gdejohn.similitude.NewTest"/>
</testsuite> <!-- org.gdejohn.similitude.NewTest -->
